::1 - - [12/Nov/2021:13:50:38 +0000] "GET / HTTP/1.1" 304 - "-" "Mozilla/5.0 (Windows NT 10.0; Win64; x64) AppleWebKit/537.36 (KHTML, like Gecko) Chrome/95.0.4638.69 Safari/537.36"
::1 - - [12/Nov/2021:13:50:38 +0000] "GET /static/css/materialize.min.css HTTP/1.1" 304 - "http://localhost:8000/" "Mozilla/5.0 (Windows NT 10.0; Win64; x64) AppleWebKit/537.36 (KHTML, like Gecko) Chrome/95.0.4638.69 Safari/537.36"
::1 - - [12/Nov/2021:13:50:38 +0000] "GET /static/css/style.css HTTP/1.1" 304 - "http://localhost:8000/" "Mozilla/5.0 (Windows NT 10.0; Win64; x64) AppleWebKit/537.36 (KHTML, like Gecko) Chrome/95.0.4638.69 Safari/537.36"
::1 - - [12/Nov/2021:13:50:38 +0000] "GET /static/css/tabulator_materialize.min.css HTTP/1.1" 304 - "http://localhost:8000/" "Mozilla/5.0 (Windows NT 10.0; Win64; x64) AppleWebKit/537.36 (KHTML, like Gecko) Chrome/95.0.4638.69 Safari/537.36"
::1 - - [12/Nov/2021:13:50:38 +0000] "GET /static/js/materialize.min.js HTTP/1.1" 304 - "http://localhost:8000/" "Mozilla/5.0 (Windows NT 10.0; Win64; x64) AppleWebKit/537.36 (KHTML, like Gecko) Chrome/95.0.4638.69 Safari/537.36"
::1 - - [12/Nov/2021:13:50:38 +0000] "GET /static/js/moment.min.js HTTP/1.1" 304 - "http://localhost:8000/" "Mozilla/5.0 (Windows NT 10.0; Win64; x64) AppleWebKit/537.36 (KHTML, like Gecko) Chrome/95.0.4638.69 Safari/537.36"
::1 - - [12/Nov/2021:13:50:38 +0000] "GET /static/js/chart.min.js HTTP/1.1" 304 - "http://localhost:8000/" "Mozilla/5.0 (Windows NT 10.0; Win64; x64) AppleWebKit/537.36 (KHTML, like Gecko) Chrome/95.0.4638.69 Safari/537.36"
::1 - - [12/Nov/2021:13:50:38 +0000] "GET /static/js/hammer.min.js HTTP/1.1" 304 - "http://localhost:8000/" "Mozilla/5.0 (Windows NT 10.0; Win64; x64) AppleWebKit/537.36 (KHTML, like Gecko) Chrome/95.0.4638.69 Safari/537.36"
::1 - - [12/Nov/2021:13:50:38 +0000] "GET /static/js/chartjs-plugin-zoom.min.js HTTP/1.1" 304 - "http://localhost:8000/" "Mozilla/5.0 (Windows NT 10.0; Win64; x64) AppleWebKit/537.36 (KHTML, like Gecko) Chrome/95.0.4638.69 Safari/537.36"
::1 - - [12/Nov/2021:13:50:38 +0000] "GET /static/js/tabulator.min.js HTTP/1.1" 304 - "http://localhost:8000/" "Mozilla/5.0 (Windows NT 10.0; Win64; x64) AppleWebKit/537.36 (KHTML, like Gecko) Chrome/95.0.4638.69 Safari/537.36"
::1 - - [12/Nov/2021:13:50:38 +0000] "GET /static/js/md5.min.js HTTP/1.1" 304 - "http://localhost:8000/" "Mozilla/5.0 (Windows NT 10.0; Win64; x64) AppleWebKit/537.36 (KHTML, like Gecko) Chrome/95.0.4638.69 Safari/537.36"
::1 - - [12/Nov/2021:13:50:38 +0000] "GET /static/js/script.js HTTP/1.1" 200 137867 "http://localhost:8000/" "Mozilla/5.0 (Windows NT 10.0; Win64; x64) AppleWebKit/537.36 (KHTML, like Gecko) Chrome/95.0.4638.69 Safari/537.36"
::1 - - [12/Nov/2021:13:50:38 +0000] "GET /static/js/StreamSaver.js HTTP/1.1" 304 - "http://localhost:8000/" "Mozilla/5.0 (Windows NT 10.0; Win64; x64) AppleWebKit/537.36 (KHTML, like Gecko) Chrome/95.0.4638.69 Safari/537.36"
::1 - - [12/Nov/2021:13:50:38 +0000] "GET /static/js/Image-PDF-Viewer-EZView/EZView.js HTTP/1.1" 304 - "http://localhost:8000/" "Mozilla/5.0 (Windows NT 10.0; Win64; x64) AppleWebKit/537.36 (KHTML, like Gecko) Chrome/95.0.4638.69 Safari/537.36"
::1 - - [12/Nov/2021:13:50:38 +0000] "GET /static/js/Image-PDF-Viewer-EZView/draggable.js HTTP/1.1" 304 - "http://localhost:8000/" "Mozilla/5.0 (Windows NT 10.0; Win64; x64) AppleWebKit/537.36 (KHTML, like Gecko) Chrome/95.0.4638.69 Safari/537.36"
::1 - - [12/Nov/2021:13:50:38 +0000] "GET /static/img/logo.png HTTP/1.1" 304 - "http://localhost:8000/" "Mozilla/5.0 (Windows NT 10.0; Win64; x64) AppleWebKit/537.36 (KHTML, like Gecko) Chrome/95.0.4638.69 Safari/537.36"
::1 - - [12/Nov/2021:13:50:38 +0000] "GET /static/img/botAvatar.png HTTP/1.1" 304 - "http://localhost:8000/" "Mozilla/5.0 (Windows NT 10.0; Win64; x64) AppleWebKit/537.36 (KHTML, like Gecko) Chrome/95.0.4638.69 Safari/537.36"
::1 - - [12/Nov/2021:13:50:38 +0000] "GET /static/css/style.css HTTP/1.1" 304 - "http://localhost:8000/static/css/style.css" "Mozilla/5.0 (Windows NT 10.0; Win64; x64) AppleWebKit/537.36 (KHTML, like Gecko) Chrome/95.0.4638.69 Safari/537.36"
::1 - - [12/Nov/2021:13:50:40 +0000] "GET /static/img/sara_avatar.png HTTP/1.1" 304 - "http://localhost:8000/" "Mozilla/5.0 (Windows NT 10.0; Win64; x64) AppleWebKit/537.36 (KHTML, like Gecko) Chrome/95.0.4638.69 Safari/537.36"
::1 - - [12/Nov/2021:13:50:40 +0000] "GET /favicon.ico HTTP/1.1" 404 68 "http://localhost:8000/" "Mozilla/5.0 (Windows NT 10.0; Win64; x64) AppleWebKit/537.36 (KHTML, like Gecko) Chrome/95.0.4638.69 Safari/537.36"
::1 - - [12/Nov/2021:13:50:41 +0000] "POST /user/bot/webhook HTTP/1.1" 200 90 "http://localhost:8000/" "Mozilla/5.0 (Windows NT 10.0; Win64; x64) AppleWebKit/537.36 (KHTML, like Gecko) Chrome/95.0.4638.69 Safari/537.36"
::1 - - [12/Nov/2021:13:50:43 +0000] "GET /static/img/userAvatar.jpg HTTP/1.1" 304 - "http://localhost:8000/" "Mozilla/5.0 (Windows NT 10.0; Win64; x64) AppleWebKit/537.36 (KHTML, like Gecko) Chrome/95.0.4638.69 Safari/537.36"
::1 - - [12/Nov/2021:13:50:43 +0000] "POST /user/bot/webhook HTTP/1.1" 200 284 "http://localhost:8000/" "Mozilla/5.0 (Windows NT 10.0; Win64; x64) AppleWebKit/537.36 (KHTML, like Gecko) Chrome/95.0.4638.69 Safari/537.36"
::1 - - [12/Nov/2021:13:51:06 +0000] "POST /user/bot/webhook HTTP/1.1" 200 90 "http://localhost:8000/" "Mozilla/5.0 (Windows NT 10.0; Win64; x64) AppleWebKit/537.36 (KHTML, like Gecko) Chrome/95.0.4638.69 Safari/537.36"
::1 - - [12/Nov/2021:13:51:12 +0000] "POST /user/bot/webhook HTTP/1.1" 200 284 "http://localhost:8000/" "Mozilla/5.0 (Windows NT 10.0; Win64; x64) AppleWebKit/537.36 (KHTML, like Gecko) Chrome/95.0.4638.69 Safari/537.36"
::1 - - [12/Nov/2021:13:51:14 +0000] "GET /user/logout HTTP/1.1" 200 36 "http://localhost:8000/" "Mozilla/5.0 (Windows NT 10.0; Win64; x64) AppleWebKit/537.36 (KHTML, like Gecko) Chrome/95.0.4638.69 Safari/537.36"
::1 - - [12/Nov/2021:13:51:21 +0000] "POST /user/login HTTP/1.1" 200 261 "http://localhost:8000/" "Mozilla/5.0 (Windows NT 10.0; Win64; x64) AppleWebKit/537.36 (KHTML, like Gecko) Chrome/95.0.4638.69 Safari/537.36"
::1 - - [12/Nov/2021:13:51:21 +0000] "POST /user/bot/webhook HTTP/1.1" 200 184 "http://localhost:8000/" "Mozilla/5.0 (Windows NT 10.0; Win64; x64) AppleWebKit/537.36 (KHTML, like Gecko) Chrome/95.0.4638.69 Safari/537.36"
::1 - - [12/Nov/2021:13:51:29 +0000] "POST /user/bot/webhook HTTP/1.1" 200 284 "http://localhost:8000/" "Mozilla/5.0 (Windows NT 10.0; Win64; x64) AppleWebKit/537.36 (KHTML, like Gecko) Chrome/95.0.4638.69 Safari/537.36"
::1 - - [12/Nov/2021:13:51:35 +0000] "POST /user/bot/webhook HTTP/1.1" 200 1584 "http://localhost:8000/" "Mozilla/5.0 (Windows NT 10.0; Win64; x64) AppleWebKit/537.36 (KHTML, like Gecko) Chrome/95.0.4638.69 Safari/537.36"
::1 - - [12/Nov/2021:13:52:11 +0000] "GET /static/css/materialize.min.css HTTP/1.1" 304 - "http://localhost:8000/" "Mozilla/5.0 (Windows NT 10.0; Win64; x64) AppleWebKit/537.36 (KHTML, like Gecko) Chrome/95.0.4638.69 Safari/537.36"
::1 - - [12/Nov/2021:13:52:11 +0000] "GET /static/css/tabulator_materialize.min.css HTTP/1.1" 304 - "http://localhost:8000/" "Mozilla/5.0 (Windows NT 10.0; Win64; x64) AppleWebKit/537.36 (KHTML, like Gecko) Chrome/95.0.4638.69 Safari/537.36"
::1 - - [12/Nov/2021:13:52:11 +0000] "GET /static/css/style.css HTTP/1.1" 304 - "http://localhost:8000/" "Mozilla/5.0 (Windows NT 10.0; Win64; x64) AppleWebKit/537.36 (KHTML, like Gecko) Chrome/95.0.4638.69 Safari/537.36"
::1 - - [12/Nov/2021:13:52:11 +0000] "GET /static/js/hammer.min.js.map HTTP/1.1" 404 84 "-" "Mozilla/5.0 (Windows NT 10.0; Win64; x64) AppleWebKit/537.36 (KHTML, like Gecko) Chrome/95.0.4638.69 Safari/537.36"
::1 - - [12/Nov/2021:13:52:11 +0000] "GET /static/js/md5.min.js.map HTTP/1.1" 404 81 "-" "Mozilla/5.0 (Windows NT 10.0; Win64; x64) AppleWebKit/537.36 (KHTML, like Gecko) Chrome/95.0.4638.69 Safari/537.36"
::1 - - [12/Nov/2021:13:52:11 +0000] "GET /static/css/tabulator_materialize.min.css.map HTTP/1.1" 404 101 "-" "Mozilla/5.0 (Windows NT 10.0; Win64; x64) AppleWebKit/537.36 (KHTML, like Gecko) Chrome/95.0.4638.69 Safari/537.36"
::1 - - [12/Nov/2021:13:53:37 +0000] "GET / HTTP/1.1" 304 - "-" "Mozilla/5.0 (Windows NT 10.0; Win64; x64) AppleWebKit/537.36 (KHTML, like Gecko) Chrome/95.0.4638.69 Safari/537.36"
::1 - - [12/Nov/2021:13:53:37 +0000] "GET /static/css/materialize.min.css HTTP/1.1" 304 - "http://localhost:8000/" "Mozilla/5.0 (Windows NT 10.0; Win64; x64) AppleWebKit/537.36 (KHTML, like Gecko) Chrome/95.0.4638.69 Safari/537.36"
::1 - - [12/Nov/2021:13:53:37 +0000] "GET /static/css/tabulator_materialize.min.css HTTP/1.1" 304 - "http://localhost:8000/" "Mozilla/5.0 (Windows NT 10.0; Win64; x64) AppleWebKit/537.36 (KHTML, like Gecko) Chrome/95.0.4638.69 Safari/537.36"
::1 - - [12/Nov/2021:13:53:37 +0000] "GET /static/css/style.css HTTP/1.1" 304 - "http://localhost:8000/" "Mozilla/5.0 (Windows NT 10.0; Win64; x64) AppleWebKit/537.36 (KHTML, like Gecko) Chrome/95.0.4638.69 Safari/537.36"
::1 - - [12/Nov/2021:13:53:37 +0000] "GET /static/js/materialize.min.js HTTP/1.1" 304 - "http://localhost:8000/" "Mozilla/5.0 (Windows NT 10.0; Win64; x64) AppleWebKit/537.36 (KHTML, like Gecko) Chrome/95.0.4638.69 Safari/537.36"
::1 - - [12/Nov/2021:13:53:37 +0000] "GET /static/js/moment.min.js HTTP/1.1" 304 - "http://localhost:8000/" "Mozilla/5.0 (Windows NT 10.0; Win64; x64) AppleWebKit/537.36 (KHTML, like Gecko) Chrome/95.0.4638.69 Safari/537.36"
::1 - - [12/Nov/2021:13:53:37 +0000] "GET /static/js/hammer.min.js HTTP/1.1" 304 - "http://localhost:8000/" "Mozilla/5.0 (Windows NT 10.0; Win64; x64) AppleWebKit/537.36 (KHTML, like Gecko) Chrome/95.0.4638.69 Safari/537.36"
::1 - - [12/Nov/2021:13:53:37 +0000] "GET /static/js/chartjs-plugin-zoom.min.js HTTP/1.1" 304 - "http://localhost:8000/" "Mozilla/5.0 (Windows NT 10.0; Win64; x64) AppleWebKit/537.36 (KHTML, like Gecko) Chrome/95.0.4638.69 Safari/537.36"
::1 - - [12/Nov/2021:13:53:37 +0000] "GET /static/js/chart.min.js HTTP/1.1" 304 - "http://localhost:8000/" "Mozilla/5.0 (Windows NT 10.0; Win64; x64) AppleWebKit/537.36 (KHTML, like Gecko) Chrome/95.0.4638.69 Safari/537.36"
::1 - - [12/Nov/2021:13:53:37 +0000] "GET /static/js/tabulator.min.js HTTP/1.1" 304 - "http://localhost:8000/" "Mozilla/5.0 (Windows NT 10.0; Win64; x64) AppleWebKit/537.36 (KHTML, like Gecko) Chrome/95.0.4638.69 Safari/537.36"
::1 - - [12/Nov/2021:13:53:37 +0000] "GET /static/js/md5.min.js HTTP/1.1" 304 - "http://localhost:8000/" "Mozilla/5.0 (Windows NT 10.0; Win64; x64) AppleWebKit/537.36 (KHTML, like Gecko) Chrome/95.0.4638.69 Safari/537.36"
::1 - - [12/Nov/2021:13:53:37 +0000] "GET /static/js/script.js HTTP/1.1" 200 137895 "http://localhost:8000/" "Mozilla/5.0 (Windows NT 10.0; Win64; x64) AppleWebKit/537.36 (KHTML, like Gecko) Chrome/95.0.4638.69 Safari/537.36"
::1 - - [12/Nov/2021:13:53:37 +0000] "GET /static/js/StreamSaver.js HTTP/1.1" 304 - "http://localhost:8000/" "Mozilla/5.0 (Windows NT 10.0; Win64; x64) AppleWebKit/537.36 (KHTML, like Gecko) Chrome/95.0.4638.69 Safari/537.36"
::1 - - [12/Nov/2021:13:53:37 +0000] "GET /static/js/Image-PDF-Viewer-EZView/EZView.js HTTP/1.1" 304 - "http://localhost:8000/" "Mozilla/5.0 (Windows NT 10.0; Win64; x64) AppleWebKit/537.36 (KHTML, like Gecko) Chrome/95.0.4638.69 Safari/537.36"
::1 - - [12/Nov/2021:13:53:37 +0000] "GET /static/js/Image-PDF-Viewer-EZView/draggable.js HTTP/1.1" 304 - "http://localhost:8000/" "Mozilla/5.0 (Windows NT 10.0; Win64; x64) AppleWebKit/537.36 (KHTML, like Gecko) Chrome/95.0.4638.69 Safari/537.36"
::1 - - [12/Nov/2021:13:53:37 +0000] "GET /static/img/logo.png HTTP/1.1" 304 - "http://localhost:8000/" "Mozilla/5.0 (Windows NT 10.0; Win64; x64) AppleWebKit/537.36 (KHTML, like Gecko) Chrome/95.0.4638.69 Safari/537.36"
::1 - - [12/Nov/2021:13:53:37 +0000] "GET /static/img/botAvatar.png HTTP/1.1" 304 - "http://localhost:8000/" "Mozilla/5.0 (Windows NT 10.0; Win64; x64) AppleWebKit/537.36 (KHTML, like Gecko) Chrome/95.0.4638.69 Safari/537.36"
::1 - - [12/Nov/2021:13:53:37 +0000] "GET /static/css/style.css HTTP/1.1" 304 - "http://localhost:8000/static/css/style.css" "Mozilla/5.0 (Windows NT 10.0; Win64; x64) AppleWebKit/537.36 (KHTML, like Gecko) Chrome/95.0.4638.69 Safari/537.36"
::1 - - [12/Nov/2021:13:53:37 +0000] "GET /static/css/tabulator_materialize.min.css.map HTTP/1.1" 404 101 "-" "Mozilla/5.0 (Windows NT 10.0; Win64; x64) AppleWebKit/537.36 (KHTML, like Gecko) Chrome/95.0.4638.69 Safari/537.36"
::1 - - [12/Nov/2021:13:53:37 +0000] "GET /static/js/hammer.min.js.map HTTP/1.1" 404 84 "-" "Mozilla/5.0 (Windows NT 10.0; Win64; x64) AppleWebKit/537.36 (KHTML, like Gecko) Chrome/95.0.4638.69 Safari/537.36"
::1 - - [12/Nov/2021:13:53:37 +0000] "GET /static/js/md5.min.js.map HTTP/1.1" 404 81 "-" "Mozilla/5.0 (Windows NT 10.0; Win64; x64) AppleWebKit/537.36 (KHTML, like Gecko) Chrome/95.0.4638.69 Safari/537.36"
::1 - - [12/Nov/2021:13:53:37 +0000] "GET /static/img/sara_avatar.png HTTP/1.1" 304 - "http://localhost:8000/" "Mozilla/5.0 (Windows NT 10.0; Win64; x64) AppleWebKit/537.36 (KHTML, like Gecko) Chrome/95.0.4638.69 Safari/537.36"
::1 - - [12/Nov/2021:13:53:38 +0000] "POST /user/bot/webhook HTTP/1.1" 200 184 "http://localhost:8000/" "Mozilla/5.0 (Windows NT 10.0; Win64; x64) AppleWebKit/537.36 (KHTML, like Gecko) Chrome/95.0.4638.69 Safari/537.36"
::1 - - [12/Nov/2021:13:53:40 +0000] "GET /static/img/userAvatar.jpg HTTP/1.1" 304 - "http://localhost:8000/" "Mozilla/5.0 (Windows NT 10.0; Win64; x64) AppleWebKit/537.36 (KHTML, like Gecko) Chrome/95.0.4638.69 Safari/537.36"
::1 - - [12/Nov/2021:13:53:40 +0000] "POST /user/bot/webhook HTTP/1.1" 200 284 "http://localhost:8000/" "Mozilla/5.0 (Windows NT 10.0; Win64; x64) AppleWebKit/537.36 (KHTML, like Gecko) Chrome/95.0.4638.69 Safari/537.36"
::1 - - [12/Nov/2021:13:53:43 +0000] "POST /user/bot/webhook HTTP/1.1" 200 1584 "http://localhost:8000/" "Mozilla/5.0 (Windows NT 10.0; Win64; x64) AppleWebKit/537.36 (KHTML, like Gecko) Chrome/95.0.4638.69 Safari/537.36"
::1 - - [12/Nov/2021:13:56:09 +0000] "GET / HTTP/1.1" 304 - "-" "Mozilla/5.0 (Windows NT 10.0; Win64; x64) AppleWebKit/537.36 (KHTML, like Gecko) Chrome/95.0.4638.69 Safari/537.36"
::1 - - [12/Nov/2021:13:56:09 +0000] "GET /static/css/materialize.min.css HTTP/1.1" 304 - "http://localhost:8000/" "Mozilla/5.0 (Windows NT 10.0; Win64; x64) AppleWebKit/537.36 (KHTML, like Gecko) Chrome/95.0.4638.69 Safari/537.36"
::1 - - [12/Nov/2021:13:56:09 +0000] "GET /static/css/tabulator_materialize.min.css HTTP/1.1" 304 - "http://localhost:8000/" "Mozilla/5.0 (Windows NT 10.0; Win64; x64) AppleWebKit/537.36 (KHTML, like Gecko) Chrome/95.0.4638.69 Safari/537.36"
::1 - - [12/Nov/2021:13:56:09 +0000] "GET /static/css/style.css HTTP/1.1" 304 - "http://localhost:8000/" "Mozilla/5.0 (Windows NT 10.0; Win64; x64) AppleWebKit/537.36 (KHTML, like Gecko) Chrome/95.0.4638.69 Safari/537.36"
::1 - - [12/Nov/2021:13:56:09 +0000] "GET /static/js/materialize.min.js HTTP/1.1" 304 - "http://localhost:8000/" "Mozilla/5.0 (Windows NT 10.0; Win64; x64) AppleWebKit/537.36 (KHTML, like Gecko) Chrome/95.0.4638.69 Safari/537.36"
::1 - - [12/Nov/2021:13:56:09 +0000] "GET /static/js/moment.min.js HTTP/1.1" 304 - "http://localhost:8000/" "Mozilla/5.0 (Windows NT 10.0; Win64; x64) AppleWebKit/537.36 (KHTML, like Gecko) Chrome/95.0.4638.69 Safari/537.36"
::1 - - [12/Nov/2021:13:56:09 +0000] "GET /static/js/chart.min.js HTTP/1.1" 304 - "http://localhost:8000/" "Mozilla/5.0 (Windows NT 10.0; Win64; x64) AppleWebKit/537.36 (KHTML, like Gecko) Chrome/95.0.4638.69 Safari/537.36"
::1 - - [12/Nov/2021:13:56:09 +0000] "GET /static/js/script.js HTTP/1.1" 200 137919 "http://localhost:8000/" "Mozilla/5.0 (Windows NT 10.0; Win64; x64) AppleWebKit/537.36 (KHTML, like Gecko) Chrome/95.0.4638.69 Safari/537.36"
::1 - - [12/Nov/2021:13:56:09 +0000] "GET /static/js/hammer.min.js HTTP/1.1" 304 - "http://localhost:8000/" "Mozilla/5.0 (Windows NT 10.0; Win64; x64) AppleWebKit/537.36 (KHTML, like Gecko) Chrome/95.0.4638.69 Safari/537.36"
::1 - - [12/Nov/2021:13:56:09 +0000] "GET /static/js/chartjs-plugin-zoom.min.js HTTP/1.1" 304 - "http://localhost:8000/" "Mozilla/5.0 (Windows NT 10.0; Win64; x64) AppleWebKit/537.36 (KHTML, like Gecko) Chrome/95.0.4638.69 Safari/537.36"
::1 - - [12/Nov/2021:13:56:09 +0000] "GET /static/js/tabulator.min.js HTTP/1.1" 304 - "http://localhost:8000/" "Mozilla/5.0 (Windows NT 10.0; Win64; x64) AppleWebKit/537.36 (KHTML, like Gecko) Chrome/95.0.4638.69 Safari/537.36"
::1 - - [12/Nov/2021:13:56:09 +0000] "GET /static/js/md5.min.js HTTP/1.1" 304 - "http://localhost:8000/" "Mozilla/5.0 (Windows NT 10.0; Win64; x64) AppleWebKit/537.36 (KHTML, like Gecko) Chrome/95.0.4638.69 Safari/537.36"
::1 - - [12/Nov/2021:13:56:09 +0000] "GET /static/js/StreamSaver.js HTTP/1.1" 304 - "http://localhost:8000/" "Mozilla/5.0 (Windows NT 10.0; Win64; x64) AppleWebKit/537.36 (KHTML, like Gecko) Chrome/95.0.4638.69 Safari/537.36"
::1 - - [12/Nov/2021:13:56:09 +0000] "GET /static/js/Image-PDF-Viewer-EZView/EZView.js HTTP/1.1" 304 - "http://localhost:8000/" "Mozilla/5.0 (Windows NT 10.0; Win64; x64) AppleWebKit/537.36 (KHTML, like Gecko) Chrome/95.0.4638.69 Safari/537.36"
::1 - - [12/Nov/2021:13:56:09 +0000] "GET /static/js/Image-PDF-Viewer-EZView/draggable.js HTTP/1.1" 304 - "http://localhost:8000/" "Mozilla/5.0 (Windows NT 10.0; Win64; x64) AppleWebKit/537.36 (KHTML, like Gecko) Chrome/95.0.4638.69 Safari/537.36"
::1 - - [12/Nov/2021:13:56:09 +0000] "GET /static/img/logo.png HTTP/1.1" 304 - "http://localhost:8000/" "Mozilla/5.0 (Windows NT 10.0; Win64; x64) AppleWebKit/537.36 (KHTML, like Gecko) Chrome/95.0.4638.69 Safari/537.36"
::1 - - [12/Nov/2021:13:56:09 +0000] "GET /static/img/botAvatar.png HTTP/1.1" 304 - "http://localhost:8000/" "Mozilla/5.0 (Windows NT 10.0; Win64; x64) AppleWebKit/537.36 (KHTML, like Gecko) Chrome/95.0.4638.69 Safari/537.36"
::1 - - [12/Nov/2021:13:56:09 +0000] "GET /static/css/style.css HTTP/1.1" 304 - "http://localhost:8000/static/css/style.css" "Mozilla/5.0 (Windows NT 10.0; Win64; x64) AppleWebKit/537.36 (KHTML, like Gecko) Chrome/95.0.4638.69 Safari/537.36"
::1 - - [12/Nov/2021:13:56:09 +0000] "GET /static/css/tabulator_materialize.min.css.map HTTP/1.1" 404 101 "-" "Mozilla/5.0 (Windows NT 10.0; Win64; x64) AppleWebKit/537.36 (KHTML, like Gecko) Chrome/95.0.4638.69 Safari/537.36"
::1 - - [12/Nov/2021:13:56:09 +0000] "GET /static/js/hammer.min.js.map HTTP/1.1" 404 84 "-" "Mozilla/5.0 (Windows NT 10.0; Win64; x64) AppleWebKit/537.36 (KHTML, like Gecko) Chrome/95.0.4638.69 Safari/537.36"
::1 - - [12/Nov/2021:13:56:09 +0000] "GET /static/js/md5.min.js.map HTTP/1.1" 404 81 "-" "Mozilla/5.0 (Windows NT 10.0; Win64; x64) AppleWebKit/537.36 (KHTML, like Gecko) Chrome/95.0.4638.69 Safari/537.36"
::1 - - [12/Nov/2021:13:56:09 +0000] "GET /static/img/sara_avatar.png HTTP/1.1" 304 - "http://localhost:8000/" "Mozilla/5.0 (Windows NT 10.0; Win64; x64) AppleWebKit/537.36 (KHTML, like Gecko) Chrome/95.0.4638.69 Safari/537.36"
::1 - - [12/Nov/2021:13:56:09 +0000] "POST /user/bot/webhook HTTP/1.1" 200 184 "http://localhost:8000/" "Mozilla/5.0 (Windows NT 10.0; Win64; x64) AppleWebKit/537.36 (KHTML, like Gecko) Chrome/95.0.4638.69 Safari/537.36"
::1 - - [12/Nov/2021:13:56:15 +0000] "GET /static/img/userAvatar.jpg HTTP/1.1" 304 - "http://localhost:8000/" "Mozilla/5.0 (Windows NT 10.0; Win64; x64) AppleWebKit/537.36 (KHTML, like Gecko) Chrome/95.0.4638.69 Safari/537.36"
::1 - - [12/Nov/2021:13:56:15 +0000] "POST /user/bot/webhook HTTP/1.1" 200 284 "http://localhost:8000/" "Mozilla/5.0 (Windows NT 10.0; Win64; x64) AppleWebKit/537.36 (KHTML, like Gecko) Chrome/95.0.4638.69 Safari/537.36"
::1 - - [12/Nov/2021:13:56:18 +0000] "POST /user/bot/webhook HTTP/1.1" 200 1584 "http://localhost:8000/" "Mozilla/5.0 (Windows NT 10.0; Win64; x64) AppleWebKit/537.36 (KHTML, like Gecko) Chrome/95.0.4638.69 Safari/537.36"
